This file contains any messages produced by compilers while
running configure, to aid debugging if configure makes a mistake.

It was created by FAST_FOURIER_MULTIPLIKATION configure 1.0, which was
generated by GNU Autoconf 2.69.  Invocation command line was

  $ ./configure --no-create --no-recursion

## --------- ##
## Platform. ##
## --------- ##

hostname = ux32vd
uname -m = x86_64
uname -r = 4.0.5-1-ARCH
uname -s = Linux
uname -v = #1 SMP PREEMPT Sat Jun 6 18:37:49 CEST 2015

/usr/bin/uname -p = unknown
/bin/uname -X     = unknown

/bin/arch              = unknown
/usr/bin/arch -k       = unknown
/usr/convex/getsysinfo = unknown
/usr/bin/hostinfo      = unknown
/bin/machine           = unknown
/usr/bin/oslevel       = unknown
/bin/universe          = unknown

PATH: /home/gunibert/bin
PATH: /usr/local/bin
PATH: /usr/local/sbin
PATH: /usr/local/bin
PATH: /usr/bin
PATH: /usr/bin/site_perl
PATH: /usr/bin/vendor_perl
PATH: /usr/bin/core_perl
PATH: /home/gunibert/.gem/ruby/2.2.0/bin/


## ----------- ##
## Core tests. ##
## ----------- ##

configure:2279: checking for a BSD-compatible install
configure:2347: result: /usr/bin/install -c
configure:2358: checking whether build environment is sane
configure:2413: result: yes
configure:2564: checking for a thread-safe mkdir -p
configure:2603: result: /usr/bin/mkdir -p
configure:2610: checking for gawk
configure:2626: found /usr/bin/gawk
configure:2637: result: gawk
configure:2648: checking whether make sets $(MAKE)
configure:2670: result: yes
configure:2699: checking whether make supports nested variables
configure:2716: result: yes
configure:2871: checking build system type
configure:2885: result: x86_64-unknown-linux-gnu
configure:2905: checking host system type
configure:2918: result: x86_64-unknown-linux-gnu
configure:2959: checking how to print strings
configure:2986: result: printf
configure:3019: checking for style of include used by make
configure:3047: result: GNU
configure:3118: checking for gcc
configure:3134: found /usr/bin/gcc
configure:3145: result: gcc
configure:3374: checking for C compiler version
configure:3383: gcc --version >&5
gcc (GCC) 5.1.0
Copyright (C) 2015 Free Software Foundation, Inc.
This is free software; see the source for copying conditions.  There is NO
warranty; not even for MERCHANTABILITY or FITNESS FOR A PARTICULAR PURPOSE.

configure:3394: $? = 0
configure:3383: gcc -v >&5
Using built-in specs.
COLLECT_GCC=gcc
COLLECT_LTO_WRAPPER=/usr/lib/gcc/x86_64-unknown-linux-gnu/5.1.0/lto-wrapper
Target: x86_64-unknown-linux-gnu
Configured with: /build/gcc/src/gcc-5-20150519/configure --prefix=/usr --libdir=/usr/lib --libexecdir=/usr/lib --mandir=/usr/share/man --infodir=/usr/share/info --with-bugurl=https://bugs.archlinux.org/ --enable-languages=c,c++,ada,fortran,go,lto,objc,obj-c++ --enable-shared --enable-threads=posix --enable-libmpx --with-system-zlib --with-isl --enable-__cxa_atexit --disable-libunwind-exceptions --enable-clocale=gnu --disable-libstdcxx-pch --disable-libssp --enable-gnu-unique-object --enable-linker-build-id --enable-lto --enable-plugin --enable-install-libiberty --with-linker-hash-style=gnu --enable-gnu-indirect-function --disable-multilib --disable-werror --enable-checking=release --with-default-libstdcxx-abi=c++98
Thread model: posix
gcc version 5.1.0 (GCC) 
configure:3394: $? = 0
configure:3383: gcc -V >&5
gcc: error: unrecognized command line option '-V'
gcc: fatal error: no input files
compilation terminated.
configure:3394: $? = 1
configure:3383: gcc -qversion >&5
gcc: error: unrecognized command line option '-qversion'
gcc: fatal error: no input files
compilation terminated.
configure:3394: $? = 1
configure:3414: checking whether the C compiler works
configure:3436: gcc    conftest.c  >&5
configure:3440: $? = 0
configure:3488: result: yes
configure:3491: checking for C compiler default output file name
configure:3493: result: a.out
configure:3499: checking for suffix of executables
configure:3506: gcc -o conftest    conftest.c  >&5
configure:3510: $? = 0
configure:3532: result: 
configure:3554: checking whether we are cross compiling
configure:3562: gcc -o conftest    conftest.c  >&5
configure:3566: $? = 0
configure:3573: ./conftest
configure:3577: $? = 0
configure:3592: result: no
configure:3597: checking for suffix of object files
configure:3619: gcc -c   conftest.c >&5
configure:3623: $? = 0
configure:3644: result: o
configure:3648: checking whether we are using the GNU C compiler
configure:3667: gcc -c   conftest.c >&5
configure:3667: $? = 0
configure:3676: result: yes
configure:3685: checking whether gcc accepts -g
configure:3705: gcc -c -g  conftest.c >&5
configure:3705: $? = 0
configure:3746: result: yes
configure:3763: checking for gcc option to accept ISO C89
configure:3826: gcc  -c -g -O2  conftest.c >&5
configure:3826: $? = 0
configure:3839: result: none needed
configure:3864: checking whether gcc understands -c and -o together
configure:3886: gcc -c conftest.c -o conftest2.o
configure:3889: $? = 0
configure:3886: gcc -c conftest.c -o conftest2.o
configure:3889: $? = 0
configure:3901: result: yes
configure:3920: checking dependency style of gcc
configure:4031: result: gcc3
configure:4046: checking for a sed that does not truncate output
configure:4110: result: /usr/bin/sed
configure:4128: checking for grep that handles long lines and -e
configure:4186: result: /usr/bin/grep
configure:4191: checking for egrep
configure:4253: result: /usr/bin/grep -E
configure:4258: checking for fgrep
configure:4320: result: /usr/bin/grep -F
configure:4355: checking for ld used by gcc
configure:4422: result: /usr/bin/ld
configure:4429: checking if the linker (/usr/bin/ld) is GNU ld
configure:4444: result: yes
configure:4456: checking for BSD- or MS-compatible name lister (nm)
configure:4510: result: /usr/bin/nm -B
configure:4640: checking the name lister (/usr/bin/nm -B) interface
configure:4647: gcc -c -g -O2  conftest.c >&5
configure:4650: /usr/bin/nm -B "conftest.o"
configure:4653: output
0000000000000000 B some_variable
configure:4660: result: BSD nm
configure:4663: checking whether ln -s works
configure:4667: result: yes
configure:4675: checking the maximum length of command line arguments
configure:4806: result: 1572864
configure:4854: checking how to convert x86_64-unknown-linux-gnu file names to x86_64-unknown-linux-gnu format
configure:4894: result: func_convert_file_noop
configure:4901: checking how to convert x86_64-unknown-linux-gnu file names to toolchain format
configure:4921: result: func_convert_file_noop
configure:4928: checking for /usr/bin/ld option to reload object files
configure:4935: result: -r
configure:5009: checking for objdump
configure:5025: found /usr/bin/objdump
configure:5036: result: objdump
configure:5068: checking how to recognize dependent libraries
configure:5268: result: pass_all
configure:5353: checking for dlltool
configure:5383: result: no
configure:5413: checking how to associate runtime and link libraries
configure:5440: result: printf %s\n
configure:5501: checking for ar
configure:5517: found /usr/bin/ar
configure:5528: result: ar
configure:5565: checking for archiver @FILE support
configure:5582: gcc -c -g -O2  conftest.c >&5
configure:5582: $? = 0
configure:5585: ar cru libconftest.a @conftest.lst >&5
configure:5588: $? = 0
configure:5593: ar cru libconftest.a @conftest.lst >&5
ar: conftest.o: No such file or directory
configure:5596: $? = 1
configure:5608: result: @
configure:5666: checking for strip
configure:5682: found /usr/bin/strip
configure:5693: result: strip
configure:5765: checking for ranlib
configure:5781: found /usr/bin/ranlib
configure:5792: result: ranlib
configure:5894: checking command to parse /usr/bin/nm -B output from gcc object
configure:6047: gcc -c -g -O2  conftest.c >&5
configure:6050: $? = 0
configure:6054: /usr/bin/nm -B conftest.o \| sed -n -e 's/^.*[ ]\([ABCDGIRSTW][ABCDGIRSTW]*\)[ ][ ]*\([_A-Za-z][_A-Za-z0-9]*\)$/\1 \2 \2/p' | sed '/ __gnu_lto/d' \> conftest.nm
configure:6057: $? = 0
configure:6123: gcc -o conftest -g -O2   conftest.c conftstm.o >&5
configure:6126: $? = 0
configure:6164: result: ok
configure:6211: checking for sysroot
configure:6241: result: no
configure:6248: checking for a working dd
configure:6286: result: /usr/bin/dd
configure:6290: checking how to truncate binary pipes
configure:6305: result: /usr/bin/dd bs=4096 count=1
configure:6441: gcc -c -g -O2  conftest.c >&5
configure:6444: $? = 0
configure:6634: checking for mt
configure:6664: result: no
configure:6684: checking if : is a manifest tool
configure:6690: : '-?'
configure:6698: result: no
configure:7375: checking how to run the C preprocessor
configure:7406: gcc -E  conftest.c
configure:7406: $? = 0
configure:7420: gcc -E  conftest.c
conftest.c:11:28: fatal error: ac_nonexistent.h: No such file or directory
compilation terminated.
configure:7420: $? = 1
configure: failed program was:
| /* confdefs.h */
| #define PACKAGE_NAME "FAST_FOURIER_MULTIPLIKATION"
| #define PACKAGE_TARNAME "fast_fourier_multiplikation"
| #define PACKAGE_VERSION "1.0"
| #define PACKAGE_STRING "FAST_FOURIER_MULTIPLIKATION 1.0"
| #define PACKAGE_BUGREPORT "info@gunibert.de"
| #define PACKAGE_URL ""
| #define PACKAGE "fast_fourier_multiplikation"
| #define VERSION "1.0"
| /* end confdefs.h.  */
| #include <ac_nonexistent.h>
configure:7445: result: gcc -E
configure:7465: gcc -E  conftest.c
configure:7465: $? = 0
configure:7479: gcc -E  conftest.c
conftest.c:11:28: fatal error: ac_nonexistent.h: No such file or directory
compilation terminated.
configure:7479: $? = 1
configure: failed program was:
| /* confdefs.h */
| #define PACKAGE_NAME "FAST_FOURIER_MULTIPLIKATION"
| #define PACKAGE_TARNAME "fast_fourier_multiplikation"
| #define PACKAGE_VERSION "1.0"
| #define PACKAGE_STRING "FAST_FOURIER_MULTIPLIKATION 1.0"
| #define PACKAGE_BUGREPORT "info@gunibert.de"
| #define PACKAGE_URL ""
| #define PACKAGE "fast_fourier_multiplikation"
| #define VERSION "1.0"
| /* end confdefs.h.  */
| #include <ac_nonexistent.h>
configure:7508: checking for ANSI C header files
configure:7528: gcc -c -g -O2  conftest.c >&5
configure:7528: $? = 0
configure:7601: gcc -o conftest -g -O2   conftest.c  >&5
configure:7601: $? = 0
configure:7601: ./conftest
configure:7601: $? = 0
configure:7612: result: yes
configure:7625: checking for sys/types.h
configure:7625: gcc -c -g -O2  conftest.c >&5
configure:7625: $? = 0
configure:7625: result: yes
configure:7625: checking for sys/stat.h
configure:7625: gcc -c -g -O2  conftest.c >&5
configure:7625: $? = 0
configure:7625: result: yes
configure:7625: checking for stdlib.h
configure:7625: gcc -c -g -O2  conftest.c >&5
configure:7625: $? = 0
configure:7625: result: yes
configure:7625: checking for string.h
configure:7625: gcc -c -g -O2  conftest.c >&5
configure:7625: $? = 0
configure:7625: result: yes
configure:7625: checking for memory.h
configure:7625: gcc -c -g -O2  conftest.c >&5
configure:7625: $? = 0
configure:7625: result: yes
configure:7625: checking for strings.h
configure:7625: gcc -c -g -O2  conftest.c >&5
configure:7625: $? = 0
configure:7625: result: yes
configure:7625: checking for inttypes.h
configure:7625: gcc -c -g -O2  conftest.c >&5
configure:7625: $? = 0
configure:7625: result: yes
configure:7625: checking for stdint.h
configure:7625: gcc -c -g -O2  conftest.c >&5
configure:7625: $? = 0
configure:7625: result: yes
configure:7625: checking for unistd.h
configure:7625: gcc -c -g -O2  conftest.c >&5
configure:7625: $? = 0
configure:7625: result: yes
configure:7639: checking for dlfcn.h
configure:7639: gcc -c -g -O2  conftest.c >&5
configure:7639: $? = 0
configure:7639: result: yes
configure:7895: checking for objdir
configure:7910: result: .libs
configure:8174: checking if gcc supports -fno-rtti -fno-exceptions
configure:8192: gcc -c -g -O2  -fno-rtti -fno-exceptions conftest.c >&5
cc1: warning: command line option '-fno-rtti' is valid for C++/ObjC++ but not for C
configure:8196: $? = 0
configure:8209: result: no
configure:8567: checking for gcc option to produce PIC
configure:8574: result: -fPIC -DPIC
configure:8582: checking if gcc PIC flag -fPIC -DPIC works
configure:8600: gcc -c -g -O2  -fPIC -DPIC -DPIC conftest.c >&5
configure:8604: $? = 0
configure:8617: result: yes
configure:8646: checking if gcc static flag -static works
configure:8674: result: yes
configure:8689: checking if gcc supports -c -o file.o
configure:8710: gcc -c -g -O2  -o out/conftest2.o conftest.c >&5
configure:8714: $? = 0
configure:8736: result: yes
configure:8744: checking if gcc supports -c -o file.o
configure:8791: result: yes
configure:8824: checking whether the gcc linker (/usr/bin/ld -m elf_x86_64) supports shared libraries
configure:10083: result: yes
configure:10120: checking whether -lc should be explicitly linked in
configure:10128: gcc -c -g -O2  conftest.c >&5
configure:10131: $? = 0
configure:10146: gcc -shared  -fPIC -DPIC conftest.o  -v -Wl,-soname -Wl,conftest -o conftest 2\>\&1 \| /usr/bin/grep  -lc  \>/dev/null 2\>\&1
configure:10149: $? = 0
configure:10163: result: no
configure:10323: checking dynamic linker characteristics
configure:10904: gcc -o conftest -g -O2   -Wl,-rpath -Wl,/foo conftest.c  >&5
configure:10904: $? = 0
configure:11141: result: GNU/Linux ld.so
configure:11263: checking how to hardcode library paths into programs
configure:11288: result: immediate
configure:11836: checking whether stripping libraries is possible
configure:11841: result: yes
configure:11876: checking if libtool supports shared libraries
configure:11878: result: yes
configure:11881: checking whether to build shared libraries
configure:11906: result: yes
configure:11909: checking whether to build static libraries
configure:11913: result: yes
configure:12000: checking for gcc
configure:12027: result: gcc
configure:12256: checking for C compiler version
configure:12265: gcc --version >&5
gcc (GCC) 5.1.0
Copyright (C) 2015 Free Software Foundation, Inc.
This is free software; see the source for copying conditions.  There is NO
warranty; not even for MERCHANTABILITY or FITNESS FOR A PARTICULAR PURPOSE.

configure:12276: $? = 0
configure:12265: gcc -v >&5
Using built-in specs.
COLLECT_GCC=gcc
COLLECT_LTO_WRAPPER=/usr/lib/gcc/x86_64-unknown-linux-gnu/5.1.0/lto-wrapper
Target: x86_64-unknown-linux-gnu
Configured with: /build/gcc/src/gcc-5-20150519/configure --prefix=/usr --libdir=/usr/lib --libexecdir=/usr/lib --mandir=/usr/share/man --infodir=/usr/share/info --with-bugurl=https://bugs.archlinux.org/ --enable-languages=c,c++,ada,fortran,go,lto,objc,obj-c++ --enable-shared --enable-threads=posix --enable-libmpx --with-system-zlib --with-isl --enable-__cxa_atexit --disable-libunwind-exceptions --enable-clocale=gnu --disable-libstdcxx-pch --disable-libssp --enable-gnu-unique-object --enable-linker-build-id --enable-lto --enable-plugin --enable-install-libiberty --with-linker-hash-style=gnu --enable-gnu-indirect-function --disable-multilib --disable-werror --enable-checking=release --with-default-libstdcxx-abi=c++98
Thread model: posix
gcc version 5.1.0 (GCC) 
configure:12276: $? = 0
configure:12265: gcc -V >&5
gcc: error: unrecognized command line option '-V'
gcc: fatal error: no input files
compilation terminated.
configure:12276: $? = 1
configure:12265: gcc -qversion >&5
gcc: error: unrecognized command line option '-qversion'
gcc: fatal error: no input files
compilation terminated.
configure:12276: $? = 1
configure:12280: checking whether we are using the GNU C compiler
configure:12308: result: yes
configure:12317: checking whether gcc accepts -g
configure:12378: result: yes
configure:12395: checking for gcc option to accept ISO C89
configure:12471: result: none needed
configure:12496: checking whether gcc understands -c and -o together
configure:12533: result: yes
configure:12552: checking dependency style of gcc
configure:12663: result: gcc3
configure:12734: checking for pkg-config
configure:12752: found /usr/bin/pkg-config
configure:12764: result: /usr/bin/pkg-config
configure:12789: checking pkg-config is at least version 0.9.0
configure:12792: result: yes
configure:12802: checking for CHECK
configure:12809: $PKG_CONFIG --exists --print-errors "check"
configure:12812: $? = 0
configure:12826: $PKG_CONFIG --exists --print-errors "check"
configure:12829: $? = 0
configure:12887: result: yes
configure:12899: checking for stdlib.h
configure:12899: result: yes
configure:12909: checking for GNU libc compatible malloc
configure:12933: gcc -o conftest -g -O2   conftest.c  >&5
configure:12933: $? = 0
configure:12933: ./conftest
configure:12933: $? = 0
configure:12943: result: yes
configure:13079: checking that generated files are newer than configure
configure:13085: result: done
configure:13112: creating ./config.status

## ---------------- ##
## Cache variables. ##
## ---------------- ##

ac_cv_build=x86_64-unknown-linux-gnu
ac_cv_c_compiler_gnu=yes
ac_cv_env_CC_set=
ac_cv_env_CC_value=
ac_cv_env_CFLAGS_set=
ac_cv_env_CFLAGS_value=
ac_cv_env_CHECK_CFLAGS_set=
ac_cv_env_CHECK_CFLAGS_value=
ac_cv_env_CHECK_LIBS_set=
ac_cv_env_CHECK_LIBS_value=
ac_cv_env_CPPFLAGS_set=
ac_cv_env_CPPFLAGS_value=
ac_cv_env_CPP_set=
ac_cv_env_CPP_value=
ac_cv_env_LDFLAGS_set=
ac_cv_env_LDFLAGS_value=
ac_cv_env_LIBS_set=
ac_cv_env_LIBS_value=
ac_cv_env_LT_SYS_LIBRARY_PATH_set=
ac_cv_env_LT_SYS_LIBRARY_PATH_value=
ac_cv_env_PKG_CONFIG_LIBDIR_set=
ac_cv_env_PKG_CONFIG_LIBDIR_value=
ac_cv_env_PKG_CONFIG_PATH_set=
ac_cv_env_PKG_CONFIG_PATH_value=
ac_cv_env_PKG_CONFIG_set=
ac_cv_env_PKG_CONFIG_value=
ac_cv_env_build_alias_set=
ac_cv_env_build_alias_value=
ac_cv_env_host_alias_set=
ac_cv_env_host_alias_value=
ac_cv_env_target_alias_set=
ac_cv_env_target_alias_value=
ac_cv_func_malloc_0_nonnull=yes
ac_cv_header_dlfcn_h=yes
ac_cv_header_inttypes_h=yes
ac_cv_header_memory_h=yes
ac_cv_header_stdc=yes
ac_cv_header_stdint_h=yes
ac_cv_header_stdlib_h=yes
ac_cv_header_string_h=yes
ac_cv_header_strings_h=yes
ac_cv_header_sys_stat_h=yes
ac_cv_header_sys_types_h=yes
ac_cv_header_unistd_h=yes
ac_cv_host=x86_64-unknown-linux-gnu
ac_cv_objext=o
ac_cv_path_EGREP='/usr/bin/grep -E'
ac_cv_path_FGREP='/usr/bin/grep -F'
ac_cv_path_GREP=/usr/bin/grep
ac_cv_path_SED=/usr/bin/sed
ac_cv_path_ac_pt_PKG_CONFIG=/usr/bin/pkg-config
ac_cv_path_install='/usr/bin/install -c'
ac_cv_path_lt_DD=/usr/bin/dd
ac_cv_path_mkdir=/usr/bin/mkdir
ac_cv_prog_AWK=gawk
ac_cv_prog_CPP='gcc -E'
ac_cv_prog_ac_ct_AR=ar
ac_cv_prog_ac_ct_CC=gcc
ac_cv_prog_ac_ct_OBJDUMP=objdump
ac_cv_prog_ac_ct_RANLIB=ranlib
ac_cv_prog_ac_ct_STRIP=strip
ac_cv_prog_cc_c89=
ac_cv_prog_cc_g=yes
ac_cv_prog_make_make_set=yes
am_cv_CC_dependencies_compiler_type=gcc3
am_cv_make_support_nested_variables=yes
am_cv_prog_cc_c_o=yes
lt_cv_ar_at_file=@
lt_cv_archive_cmds_need_lc=no
lt_cv_deplibs_check_method=pass_all
lt_cv_file_magic_cmd='$MAGIC_CMD'
lt_cv_file_magic_test_file=
lt_cv_ld_reload_flag=-r
lt_cv_nm_interface='BSD nm'
lt_cv_objdir=.libs
lt_cv_path_LD=/usr/bin/ld
lt_cv_path_NM='/usr/bin/nm -B'
lt_cv_path_mainfest_tool=no
lt_cv_prog_compiler_c_o=yes
lt_cv_prog_compiler_pic='-fPIC -DPIC'
lt_cv_prog_compiler_pic_works=yes
lt_cv_prog_compiler_rtti_exceptions=no
lt_cv_prog_compiler_static_works=yes
lt_cv_prog_gnu_ld=yes
lt_cv_sharedlib_from_linklib_cmd='printf %s\n'
lt_cv_shlibpath_overrides_runpath=no
lt_cv_sys_global_symbol_pipe='sed -n -e '\''s/^.*[	 ]\([ABCDGIRSTW][ABCDGIRSTW]*\)[	 ][	 ]*\([_A-Za-z][_A-Za-z0-9]*\)$/\1 \2 \2/p'\'' | sed '\''/ __gnu_lto/d'\'''
lt_cv_sys_global_symbol_to_c_name_address='sed -n -e '\''s/^: \(.*\) .*$/  {"\1", (void *) 0},/p'\'' -e '\''s/^[ABCDGIRSTW][ABCDGIRSTW]* .* \(.*\)$/  {"\1", (void *) \&\1},/p'\'''
lt_cv_sys_global_symbol_to_c_name_address_lib_prefix='sed -n -e '\''s/^: \(.*\) .*$/  {"\1", (void *) 0},/p'\'' -e '\''s/^[ABCDGIRSTW][ABCDGIRSTW]* .* \(lib.*\)$/  {"\1", (void *) \&\1},/p'\'' -e '\''s/^[ABCDGIRSTW][ABCDGIRSTW]* .* \(.*\)$/  {"lib\1", (void *) \&\1},/p'\'''
lt_cv_sys_global_symbol_to_cdecl='sed -n -e '\''s/^T .* \(.*\)$/extern int \1();/p'\'' -e '\''s/^[ABCDGIRSTW][ABCDGIRSTW]* .* \(.*\)$/extern char \1;/p'\'''
lt_cv_sys_global_symbol_to_import=
lt_cv_sys_max_cmd_len=1572864
lt_cv_to_host_file_cmd=func_convert_file_noop
lt_cv_to_tool_file_cmd=func_convert_file_noop
lt_cv_truncate_bin='/usr/bin/dd bs=4096 count=1'
pkg_cv_CHECK_CFLAGS='-pthread '
pkg_cv_CHECK_LIBS='-lcheck '

## ----------------- ##
## Output variables. ##
## ----------------- ##

ACLOCAL='${SHELL} /home/gunibert/development/c/complex/missing aclocal-1.15'
AMDEPBACKSLASH='\'
AMDEP_FALSE='#'
AMDEP_TRUE=''
AMTAR='$${TAR-tar}'
AM_BACKSLASH='\'
AM_DEFAULT_V='$(AM_DEFAULT_VERBOSITY)'
AM_DEFAULT_VERBOSITY='1'
AM_V='$(V)'
AR='ar'
AUTOCONF='${SHELL} /home/gunibert/development/c/complex/missing autoconf'
AUTOHEADER='${SHELL} /home/gunibert/development/c/complex/missing autoheader'
AUTOMAKE='${SHELL} /home/gunibert/development/c/complex/missing automake-1.15'
AWK='gawk'
CC='gcc'
CCDEPMODE='depmode=gcc3'
CFLAGS='-g -O2'
CHECK_CFLAGS='-pthread '
CHECK_LIBS='-lcheck '
CPP='gcc -E'
CPPFLAGS=''
CYGPATH_W='echo'
DEFS='-DHAVE_CONFIG_H'
DEPDIR='.deps'
DLLTOOL='false'
DSYMUTIL=''
DUMPBIN=''
ECHO_C=''
ECHO_N='-n'
ECHO_T=''
EGREP='/usr/bin/grep -E'
EXEEXT=''
FGREP='/usr/bin/grep -F'
GREP='/usr/bin/grep'
INSTALL_DATA='${INSTALL} -m 644'
INSTALL_PROGRAM='${INSTALL}'
INSTALL_SCRIPT='${INSTALL}'
INSTALL_STRIP_PROGRAM='$(install_sh) -c -s'
LD='/usr/bin/ld -m elf_x86_64'
LDFLAGS=''
LIBOBJS=''
LIBS=''
LIBTOOL='$(SHELL) $(top_builddir)/libtool'
LIPO=''
LN_S='ln -s'
LTLIBOBJS=''
LT_SYS_LIBRARY_PATH=''
MAKEINFO='${SHELL} /home/gunibert/development/c/complex/missing makeinfo'
MANIFEST_TOOL=':'
MKDIR_P='/usr/bin/mkdir -p'
NM='/usr/bin/nm -B'
NMEDIT=''
OBJDUMP='objdump'
OBJEXT='o'
OTOOL64=''
OTOOL=''
PACKAGE='fast_fourier_multiplikation'
PACKAGE_BUGREPORT='info@gunibert.de'
PACKAGE_NAME='FAST_FOURIER_MULTIPLIKATION'
PACKAGE_STRING='FAST_FOURIER_MULTIPLIKATION 1.0'
PACKAGE_TARNAME='fast_fourier_multiplikation'
PACKAGE_URL=''
PACKAGE_VERSION='1.0'
PATH_SEPARATOR=':'
PKG_CONFIG='/usr/bin/pkg-config'
PKG_CONFIG_LIBDIR=''
PKG_CONFIG_PATH=''
RANLIB='ranlib'
SED='/usr/bin/sed'
SET_MAKE=''
SHELL='/bin/sh'
STRIP='strip'
VERSION='1.0'
ac_ct_AR='ar'
ac_ct_CC='gcc'
ac_ct_DUMPBIN=''
am__EXEEXT_FALSE=''
am__EXEEXT_TRUE='#'
am__fastdepCC_FALSE='#'
am__fastdepCC_TRUE=''
am__include='include'
am__isrc=''
am__leading_dot='.'
am__nodep='_no'
am__quote=''
am__tar='$${TAR-tar} chof - "$$tardir"'
am__untar='$${TAR-tar} xf -'
bindir='${exec_prefix}/bin'
build='x86_64-unknown-linux-gnu'
build_alias=''
build_cpu='x86_64'
build_os='linux-gnu'
build_vendor='unknown'
datadir='${datarootdir}'
datarootdir='${prefix}/share'
docdir='${datarootdir}/doc/${PACKAGE_TARNAME}'
dvidir='${docdir}'
exec_prefix='${prefix}'
host='x86_64-unknown-linux-gnu'
host_alias=''
host_cpu='x86_64'
host_os='linux-gnu'
host_vendor='unknown'
htmldir='${docdir}'
includedir='${prefix}/include'
infodir='${datarootdir}/info'
install_sh='${SHELL} /home/gunibert/development/c/complex/install-sh'
libdir='${exec_prefix}/lib'
libexecdir='${exec_prefix}/libexec'
localedir='${datarootdir}/locale'
localstatedir='${prefix}/var'
mandir='${datarootdir}/man'
mkdir_p='$(MKDIR_P)'
oldincludedir='/usr/include'
pdfdir='${docdir}'
prefix='/usr/local'
program_transform_name='s,x,x,'
psdir='${docdir}'
sbindir='${exec_prefix}/sbin'
sharedstatedir='${prefix}/com'
sysconfdir='${prefix}/etc'
target_alias=''

## ----------- ##
## confdefs.h. ##
## ----------- ##

/* confdefs.h */
#define PACKAGE_NAME "FAST_FOURIER_MULTIPLIKATION"
#define PACKAGE_TARNAME "fast_fourier_multiplikation"
#define PACKAGE_VERSION "1.0"
#define PACKAGE_STRING "FAST_FOURIER_MULTIPLIKATION 1.0"
#define PACKAGE_BUGREPORT "info@gunibert.de"
#define PACKAGE_URL ""
#define PACKAGE "fast_fourier_multiplikation"
#define VERSION "1.0"
#define STDC_HEADERS 1
#define HAVE_SYS_TYPES_H 1
#define HAVE_SYS_STAT_H 1
#define HAVE_STDLIB_H 1
#define HAVE_STRING_H 1
#define HAVE_MEMORY_H 1
#define HAVE_STRINGS_H 1
#define HAVE_INTTYPES_H 1
#define HAVE_STDINT_H 1
#define HAVE_UNISTD_H 1
#define HAVE_DLFCN_H 1
#define LT_OBJDIR ".libs/"
#define HAVE_STDLIB_H 1
#define HAVE_MALLOC 1
#define DEBUG 0

configure: exit 0

## ---------------------- ##
## Running config.status. ##
## ---------------------- ##

This file was extended by FAST_FOURIER_MULTIPLIKATION config.status 1.0, which was
generated by GNU Autoconf 2.69.  Invocation command line was

  CONFIG_FILES    = 
  CONFIG_HEADERS  = 
  CONFIG_LINKS    = 
  CONFIG_COMMANDS = 
  $ ./config.status 

on ux32vd

config.status:1094: creating Makefile
config.status:1094: creating src/Makefile
config.status:1094: creating fft/Makefile
config.status:1094: creating tests/Makefile
config.status:1094: creating config.h
config.status:1323: executing depfiles commands
config.status:1323: executing libtool commands

## ---------------------- ##
## Running config.status. ##
## ---------------------- ##

This file was extended by FAST_FOURIER_MULTIPLIKATION config.status 1.0, which was
generated by GNU Autoconf 2.69.  Invocation command line was

  CONFIG_FILES    = 
  CONFIG_HEADERS  = 
  CONFIG_LINKS    = 
  CONFIG_COMMANDS = 
  $ ./config.status config.h

on ux32vd

config.status:1094: creating config.h
config.status:1275: config.h is unchanged
